0 info it worked if it ends with ok
1 verbose cli [ 'C:\\Program Files\\nodejs\\node.exe',
1 verbose cli   'C:\\Program Files\\nodejs\\node_modules\\npm\\bin\\npm-cli.js',
1 verbose cli   'install',
1 verbose cli   './routes',
1 verbose cli   '--save' ]
2 info using npm@2.14.4
3 info using node@v4.1.1
4 verbose install initial load of E:\Workspace XML\websocket project\package.json
5 verbose installManyTop reading scoped package data from E:\Workspace XML\websocket project\node_modules\express\package.json
6 verbose installManyTop reading scoped package data from E:\Workspace XML\websocket project\node_modules\socket.io\package.json
7 info package.json socket.io@1.3.7 No license field.
8 verbose readDependencies loading dependencies from E:\Workspace XML\websocket project\package.json
9 silly cache add args [ './routes', null ]
10 verbose cache add spec ./routes
11 silly cache add parsed spec Result {
11 silly cache add   raw: './routes',
11 silly cache add   scope: null,
11 silly cache add   name: null,
11 silly cache add   rawSpec: './routes',
11 silly cache add   spec: 'E:\\Workspace XML\\websocket project\\routes',
11 silly cache add   type: 'directory' }
12 verbose addLocalDirectory C:\Users\DHANES-PC\AppData\Roaming\npm-cache\routes\2.1.0\package.tgz not in flight; packing
13 verbose tar pack [ 'C:\\Users\\DHANES-PC\\AppData\\Roaming\\npm-cache\\routes\\2.1.0\\package.tgz',
13 verbose tar pack   'E:\\Workspace XML\\websocket project\\routes' ]
14 verbose tarball C:\Users\DHANES-PC\AppData\Roaming\npm-cache\routes\2.1.0\package.tgz
15 verbose folder E:\Workspace XML\websocket project\routes
16 info prepublish routes@2.1.0
17 verbose unsafe-perm in lifecycle true
18 info routes@2.1.0 Failed to exec prepublish script
19 error addLocalDirectory Could not pack E:\Workspace XML\websocket project\routes to C:\Users\DHANES-PC\AppData\Roaming\npm-cache\routes\2.1.0\package.tgz
20 error addLocal Could not install E:\Workspace XML\websocket project\routes
21 verbose stack Error: routes@2.1.0 prepublish: `mkdir -p dist/ && browserify --require ./index --standalone routes > dist/routes.js`
21 verbose stack Exit status 1
21 verbose stack     at EventEmitter.<anonymous> (C:\Program Files\nodejs\node_modules\npm\lib\utils\lifecycle.js:214:16)
21 verbose stack     at emitTwo (events.js:87:13)
21 verbose stack     at EventEmitter.emit (events.js:172:7)
21 verbose stack     at ChildProcess.<anonymous> (C:\Program Files\nodejs\node_modules\npm\lib\utils\spawn.js:24:14)
21 verbose stack     at emitTwo (events.js:87:13)
21 verbose stack     at ChildProcess.emit (events.js:172:7)
21 verbose stack     at maybeClose (internal/child_process.js:817:16)
21 verbose stack     at Process.ChildProcess._handle.onexit (internal/child_process.js:211:5)
22 verbose pkgid routes@2.1.0
23 verbose cwd E:\Workspace XML\websocket project
24 error Windows_NT 10.0.10240
25 error argv "C:\\Program Files\\nodejs\\node.exe" "C:\\Program Files\\nodejs\\node_modules\\npm\\bin\\npm-cli.js" "install" "./routes" "--save"
26 error node v4.1.1
27 error npm  v2.14.4
28 error code ELIFECYCLE
29 error routes@2.1.0 prepublish: `mkdir -p dist/ && browserify --require ./index --standalone routes > dist/routes.js`
29 error Exit status 1
30 error Failed at the routes@2.1.0 prepublish script 'mkdir -p dist/ && browserify --require ./index --standalone routes > dist/routes.js'.
30 error This is most likely a problem with the routes package,
30 error not with npm itself.
30 error Tell the author that this fails on your system:
30 error     mkdir -p dist/ && browserify --require ./index --standalone routes > dist/routes.js
30 error You can get their info via:
30 error     npm owner ls routes
30 error There is likely additional logging output above.
31 verbose exit [ 1, true ]
